<?xml version="1.0" encoding="UTF-8" ?>
<testsuite errors="0" failures="0" hostname="mm007559twang" name="memcachedserver.handler.ClientHandlerTest" skipped="0" tests="7" time="0.85" timestamp="2018-06-19T20:48:11">
  <properties>
[...]
</properties>
  <testcase classname="memcachedserver.handler.ClientHandlerTest" name="testHandleStorageCommandBadData" time="0.046" />
  <testcase classname="memcachedserver.handler.ClientHandlerTest" name="testHandleDeleteCommand" time="0.001" />
  <testcase classname="memcachedserver.handler.ClientHandlerTest" name="testHandleStorageCommandKeyHasControlChars" time="0.0" />
  <testcase classname="memcachedserver.handler.ClientHandlerTest" name="testHandleStorageCommand" time="0.0" />
  <testcase classname="memcachedserver.handler.ClientHandlerTest" name="testHandleStorageCommandNotStored" time="0.0" />
  <testcase classname="memcachedserver.handler.ClientHandlerTest" name="testHandleRetrievalCommand" time="0.011" />
  <testcase classname="memcachedserver.handler.ClientHandlerTest" name="testHandleStorageCommandKeyTooLong" time="0.005" />
  <system-out><![CDATA[]]></system-out>
  <system-err><![CDATA[]]></system-err>
</testsuite>
